<?xml version="1.0" encoding="UTF-8"?>
<testsuite xmlns:xsi="http://www.w3.org/2001/XMLSchema-instance" xsi:noNamespaceSchemaLocation="https://maven.apache.org/surefire/maven-surefire-plugin/xsd/surefire-test-report.xsd" version="3.0.2" name="com.example.lab3.api.RestaurantCacheTest" time="0.328" tests="4" errors="0" skipped="0" failures="0">
  <properties>
[...]
</properties>
  <testcase name="update ресторана обновляет запись в кэше" classname="com.example.lab3.api.RestaurantCacheTest" time="0.117">
    <system-out><![CDATA[2026-06-03 04:18:13.646 [main] INFO  c.e.l.application.RestaurantService - Creating restaurant name=Before Update
2026-06-03 04:18:13.664 [main] INFO  c.e.l.application.RestaurantService - Loading restaurant id=2 from DB
2026-06-03 04:18:13.716 [main] INFO  c.e.l.application.RestaurantService - Updating restaurant id=2
]]></system-out>
  </testcase>
  <testcase name="удаление блюда инвалидирует кэш dishes и restaurants" classname="com.example.lab3.api.RestaurantCacheTest" time="0.144">
    <system-out><![CDATA[2026-06-03 04:18:13.763 [main] INFO  c.e.l.application.RestaurantService - Creating restaurant name=Dish Cache 101fd397-b825-4149-b06e-d866793903a8
2026-06-03 04:18:13.773 [main] INFO  c.e.l.application.RestaurantService - Loading restaurant id=3 from DB
2026-06-03 04:18:13.778 [main] INFO  c.e.lab3.application.DishService - Loading dishes for restaurantId=3 from DB
2026-06-03 04:18:13.810 [main] INFO  c.e.l.application.RestaurantService - Loading all restaurants from DB
2026-06-03 04:18:13.849 [main] INFO  c.e.lab3.application.DishService - Loading dishes for restaurantId=3 from DB
]]></system-out>
  </testcase>
  <testcase name="повторный GET restaurants не перезаписывает кэш" classname="com.example.lab3.api.RestaurantCacheTest" time="0.022">
    <system-out><![CDATA[2026-06-03 04:18:13.900 [main] INFO  c.e.l.application.RestaurantService - Loading all restaurants from DB
]]></system-out>
  </testcase>
  <testcase name="создание ресторана инвалидирует кэш restaurants" classname="com.example.lab3.api.RestaurantCacheTest" time="0.03">
    <system-out><![CDATA[2026-06-03 04:18:13.924 [main] INFO  c.e.l.application.RestaurantService - Loading all restaurants from DB
2026-06-03 04:18:13.936 [main] INFO  c.e.l.application.RestaurantService - Creating restaurant name=Cache Test Place
]]></system-out>
  </testcase>
</testsuite>