<?xml version="1.0" encoding="UTF-8"?>
<testsuite xmlns:xsi="http://www.w3.org/2001/XMLSchema-instance" xsi:noNamespaceSchemaLocation="https://maven.apache.org/surefire/maven-surefire-plugin/xsd/surefire-test-report.xsd" version="3.0.2" name="com.example.lab3.api.AuthIntegrationTest" time="71.202" tests="7" errors="0" skipped="0" failures="0">
  <properties>
[...]
</properties>
  <testcase name="POST restaurant без токена возвращает 401" classname="com.example.lab3.api.AuthIntegrationTest" time="0.363">
    <system-out><![CDATA[04:17:02.587 [main] INFO org.springframework.test.context.support.AnnotationConfigContextLoaderUtils -- Could not detect default configuration classes for test class [com.example.lab3.api.AuthIntegrationTest]: AuthIntegrationTest does not declare any static, non-private, non-final, nested classes annotated with @Configuration.
04:17:02.908 [main] INFO org.springframework.boot.test.context.SpringBootTestContextBootstrapper -- Found @SpringBootConfiguration com.example.lab3.Lab3Application for test class com.example.lab3.api.AuthIntegrationTest
04:17:03.067 [main] INFO org.testcontainers.images.PullPolicy -- Image pull policy will be performed by: DefaultPullPolicy()
04:17:03.067 [main] INFO org.testcontainers.utility.ImageNameSubstitutor -- Image name substitution will be performed by: DefaultImageNameSubstitutor (composite of 'ConfigurationFileImageNameSubstitutor' and 'PrefixingImageNameSubstitutor')
04:17:03.124 [main] INFO org.testcontainers.DockerClientFactory -- Testcontainers version: 1.21.0
04:17:03.344 [main] INFO org.testcontainers.dockerclient.DockerClientProviderStrategy -- Loaded org.testcontainers.dockerclient.NpipeSocketClientProviderStrategy from ~/.testcontainers.properties, will try it first
04:17:03.649 [main] INFO org.testcontainers.dockerclient.DockerClientProviderStrategy -- Found Docker environment with Environment variables, system properties and defaults. Resolved dockerHost=npipe:////./pipe/docker_engine
04:17:03.649 [main] INFO org.testcontainers.DockerClientFactory -- Docker host IP address is localhost
04:17:03.669 [main] INFO org.testcontainers.DockerClientFactory -- Connected to docker: 
  Server Version: 29.2.1
  API Version: 1.53
  Operating System: Docker Desktop
  Total Memory: 7750 MB
  Labels: 
    com.docker.desktop.address=npipe://\\.\pipe\docker_cli
04:17:03.761 [main] INFO tc.testcontainers/ryuk:0.11.0 -- Creating container for image: testcontainers/ryuk:0.11.0
04:17:03.885 [main] INFO org.testcontainers.utility.RegistryAuthLocator -- Credential helper/store (docker-credential-desktop) does not have credentials for https://index.docker.io/v1/
04:17:04.022 [main] INFO tc.testcontainers/ryuk:0.11.0 -- Container testcontainers/ryuk:0.11.0 is starting: 3f8edd97b564323fe2ca9d163a6f5ce243c53ff8b6c21bb9c1716dd5563a2e4d
04:17:04.353 [main] INFO tc.testcontainers/ryuk:0.11.0 -- Container testcontainers/ryuk:0.11.0 started in PT0.5923025S
04:17:04.358 [main] INFO org.testcontainers.utility.RyukResourceReaper -- Ryuk started - will monitor and terminate Testcontainers containers on JVM exit
04:17:04.358 [main] INFO org.testcontainers.DockerClientFactory -- Checking the system...
04:17:04.359 [main] INFO org.testcontainers.DockerClientFactory -- ✔︎ Docker server version should be at least 1.6.0
04:17:04.359 [main] INFO tc.postgres:16-alpine -- Creating container for image: postgres:16-alpine
04:17:04.416 [main] INFO tc.postgres:16-alpine -- Container postgres:16-alpine is starting: c5654f7623c0d87d88789aaf44b54b8476f3009210f32e63bb9016ce9323721d
04:17:05.785 [main] INFO tc.postgres:16-alpine -- Container postgres:16-alpine started in PT1.426442S
04:17:05.786 [main] INFO tc.postgres:16-alpine -- Container is started (JDBC URL: jdbc:postgresql://localhost:50561/integration-tests-db?loggerLevel=OFF)
04:17:05.787 [main] INFO tc.redis:7-alpine -- Creating container for image: redis:7-alpine
04:17:05.867 [main] INFO tc.redis:7-alpine -- Container redis:7-alpine is starting: 714fbe2fbc1943bd656345629d9315a7ced67c34daf60580099c8acfa1a64ebb
04:17:06.160 [main] INFO tc.redis:7-alpine -- Container redis:7-alpine started in PT0.373417S
04:17:06.172 [main] INFO tc.rabbitmq:3-management -- Pulling docker image: rabbitmq:3-management. Please be patient; this may take some time but only needs to be done once.
04:17:08.048 [docker-java-stream-1984451304] INFO tc.rabbitmq:3-management -- Starting to pull image
04:17:08.057 [docker-java-stream-1984451304] INFO tc.rabbitmq:3-management -- Pulling image layers:  0 pending,  0 downloaded,  0 extracted, (0 bytes/0 bytes)
04:17:09.885 [docker-java-stream-1984451304] INFO tc.rabbitmq:3-management -- Pulling image layers: 10 pending,  1 downloaded,  0 extracted, (0 bytes/? MB)
04:17:10.184 [docker-java-stream-1984451304] INFO tc.rabbitmq:3-management -- Pulling image layers: 10 pending,  2 downloaded,  0 extracted, (1 MB/? MB)
04:17:10.384 [docker-java-stream-1984451304] INFO tc.rabbitmq:3-management -- Pulling image layers:  9 pending,  3 downloaded,  0 extracted, (2 MB/? MB)
04:17:10.385 [docker-java-stream-1984451304] INFO tc.rabbitmq:3-management -- Pulling image layers:  8 pending,  4 downloaded,  0 extracted, (2 MB/? MB)
04:17:10.386 [docker-java-stream-1984451304] INFO tc.rabbitmq:3-management -- Pulling image layers:  7 pending,  5 downloaded,  0 extracted, (2 MB/? MB)
04:17:10.485 [docker-java-stream-1984451304] INFO tc.rabbitmq:3-management -- Pulling image layers:  6 pending,  6 downloaded,  0 extracted, (2 MB/? MB)
04:17:10.585 [docker-java-stream-1984451304] INFO tc.rabbitmq:3-management -- Pulling image layers:  5 pending,  7 downloaded,  0 extracted, (2 MB/? MB)
04:17:14.686 [docker-java-stream-1984451304] INFO tc.rabbitmq:3-management -- Pulling image layers:  4 pending,  8 downloaded,  0 extracted, (44 MB/? MB)
04:17:15.684 [docker-java-stream-1984451304] INFO tc.rabbitmq:3-management -- Pulling image layers:  3 pending,  9 downloaded,  0 extracted, (57 MB/? MB)
04:17:15.984 [docker-java-stream-1984451304] INFO tc.rabbitmq:3-management -- Pulling image layers:  2 pending, 10 downloaded,  0 extracted, (58 MB/? MB)
04:17:16.590 [docker-java-stream-1984451304] INFO tc.rabbitmq:3-management -- Pulling image layers:  2 pending, 10 downloaded,  1 extracted, (60 MB/? MB)
04:17:19.784 [docker-java-stream-1984451304] INFO tc.rabbitmq:3-management -- Pulling image layers:  1 pending, 11 downloaded,  1 extracted, (89 MB/? MB)
04:17:20.191 [docker-java-stream-1984451304] INFO tc.rabbitmq:3-management -- Pulling image layers:  1 pending, 11 downloaded,  2 extracted, (89 MB/? MB)
04:17:20.289 [docker-java-stream-1984451304] INFO tc.rabbitmq:3-management -- Pulling image layers:  1 pending, 11 downloaded,  3 extracted, (89 MB/? MB)
04:17:20.290 [docker-java-stream-1984451304] INFO tc.rabbitmq:3-management -- Pulling image layers:  1 pending, 11 downloaded,  4 extracted, (89 MB/? MB)
04:17:50.297 [testcontainers-pull-watchdog-1] ERROR tc.rabbitmq:3-management -- Docker image pull has not made progress in 30s - aborting pull
04:17:50.297 [main] WARN tc.rabbitmq:3-management -- Retrying pull for image: rabbitmq:3-management (75s remaining)
04:17:50.298 [docker-java-stream-1984451304] INFO tc.rabbitmq:3-management -- Pull complete. 12 layers, pulled in 42s (downloaded 89 MB at 2 MB/s)
04:17:51.425 [docker-java-stream-1984451304] INFO tc.rabbitmq:3-management -- Starting to pull image
04:17:51.425 [docker-java-stream-1984451304] INFO tc.rabbitmq:3-management -- Pulling image layers:  0 pending,  0 downloaded,  0 extracted, (0 bytes/0 bytes)
04:17:55.135 [main] INFO tc.rabbitmq:3-management -- Image rabbitmq:3-management pull took PT48.9630761S
04:17:55.200 [main] INFO tc.rabbitmq:3-management -- Creating container for image: rabbitmq:3-management
04:17:55.302 [main] INFO tc.rabbitmq:3-management -- Container rabbitmq:3-management is starting: 4f5289a11a2298978ddf10314a6f98f95eee53740227d26b73d802b0a40d7d0e
04:18:01.918 [main] INFO tc.rabbitmq:3-management -- Container rabbitmq:3-management started in PT6.7180002S

  .   ____          _            __ _ _
 /\\ / ___'_ __ _ _(_)_ __  __ _ \ \ \ \
( ( )\___ | '_ | '_| | '_ \/ _` | \ \ \ \
 \\/  ___)| |_)| | | | | || (_| |  ) ) ) )
  '  |____| .__|_| |_|_| |_\__, | / / / /
 =========|_|==============|___/=/_/_/_/

 :: Spring Boot ::                (v3.5.0)

2026-06-03 04:18:02.497 [main] INFO  c.e.lab3.api.AuthIntegrationTest - Starting AuthIntegrationTest using Java 21.0.4 with PID 16652 (started by Nikita in C:\Users\Nikita\Desktop\ДЗ\6 семестр\Web-разработка\lab11)
2026-06-03 04:18:02.498 [main] DEBUG c.e.lab3.api.AuthIntegrationTest - Running with Spring Boot v3.5.0, Spring v6.2.7
2026-06-03 04:18:02.498 [main] INFO  c.e.lab3.api.AuthIntegrationTest - The following 1 profile is active: "test"
2026-06-03 04:18:10.561 [main] WARN  o.s.b.a.o.j.JpaBaseConfiguration$JpaWebConfiguration - spring.jpa.open-in-view is enabled by default. Therefore, database queries may be performed during view rendering. Explicitly configure spring.jpa.open-in-view to disable this warning
2026-06-03 04:18:11.689 [main] DEBUG c.e.l.s.JwtAuthenticationFilter - Filter 'jwtAuthenticationFilter' configured for use
2026-06-03 04:18:11.875 [main] INFO  c.e.lab3.api.AuthIntegrationTest - Started AuthIntegrationTest in 9.898 seconds (process running for 70.046)
]]></system-out>
    <system-err><![CDATA[Mockito is currently self-attaching to enable the inline-mock-maker. This will no longer work in future releases of the JDK. Please add Mockito as an agent to your build as described in Mockito's documentation: https://javadoc.io/doc/org.mockito/mockito-core/latest/org.mockito/org/mockito/Mockito.html#0.3
WARNING: A Java agent has been loaded dynamically (C:\Users\Nikita\.m2\repository\net\bytebuddy\byte-buddy-agent\1.17.5\byte-buddy-agent-1.17.5.jar)
WARNING: If a serviceability tool is in use, please run with -XX:+EnableDynamicAgentLoading to hide this warning
WARNING: If a serviceability tool is not in use, please run with -Djdk.instrument.traceUsage for more information
WARNING: Dynamic loading of agents will be disallowed by default in a future release
]]></system-err>
  </testcase>
  <testcase name="login возвращает 200 и JWT" classname="com.example.lab3.api.AuthIntegrationTest" time="0.6">
    <system-out><![CDATA[2026-06-03 04:18:12.540 [main] INFO  c.e.lab3.application.AuthService - Registered user: login-6d85bfc4-fe57-4ab2-9226-335099a99a2c@test.com
2026-06-03 04:18:12.807 [main] INFO  c.e.lab3.application.AuthService - User logged in: login-6d85bfc4-fe57-4ab2-9226-335099a99a2c@test.com
]]></system-out>
  </testcase>
  <testcase name="login с неверным паролем возвращает 401" classname="com.example.lab3.api.AuthIntegrationTest" time="0.15">
    <system-out><![CDATA[2026-06-03 04:18:12.917 [main] INFO  c.e.lab3.application.AuthService - Registered user: bad-137bdb58-7ead-4d1a-a1ce-8df22c067124@test.com
]]></system-out>
  </testcase>
  <testcase name="register с занятым email возвращает 409" classname="com.example.lab3.api.AuthIntegrationTest" time="0.083">
    <system-out><![CDATA[2026-06-03 04:18:13.068 [main] INFO  c.e.lab3.application.AuthService - Registered user: dup-4100b417-4873-431f-86af-92c49ffdc260@test.com
]]></system-out>
  </testcase>
  <testcase name="register возвращает 201 и JWT" classname="com.example.lab3.api.AuthIntegrationTest" time="0.067">
    <system-out><![CDATA[2026-06-03 04:18:13.148 [main] INFO  c.e.lab3.application.AuthService - Registered user: user-1ce45d82-f3e4-4516-ba99-7e7dab584bed@test.com
]]></system-out>
  </testcase>
  <testcase name="POST restaurant от ADMIN возвращает 201" classname="com.example.lab3.api.AuthIntegrationTest" time="0.447">
    <system-out><![CDATA[2026-06-03 04:18:13.192 [main] INFO  c.e.l.application.RestaurantService - Creating restaurant name=Admin Place d00b99ec-c493-4617-b351-fbcea409a577
]]></system-out>
  </testcase>
  <testcase name="POST restaurant от USER возвращает 403" classname="com.example.lab3.api.AuthIntegrationTest" time="0.009"/>
</testsuite>